<?xml version="1.0" encoding="UTF-8"?>
<!-- Generated by org.testng.reporters.JUnitReportReporter -->
<testsuite hostname="CMDLHRLT143" failures="0" tests="6" name="NewTest" time="20.500" errors="0" timestamp="2022-08-22T02:11:36 EDT" skipped="0">
  <testcase classname="NewTest" name="PrintAndFetchData" time="0.368"/>
  <system-out/>
  <testcase classname="NewTest" name="table" time="0.462"/>
  <system-out/>
  <testcase classname="NewTest" name="htmlForm" time="0.425"/>
  <system-out/>
  <testcase classname="NewTest" name="frame" time="0.308"/>
  <system-out/>
  <testcase classname="NewTest" name="dropDown" time="1.554"/>
  <system-out/>
  <testcase classname="NewTest" name="gender" time="17.383"/>
  <system-out/>
</testsuite> <!-- NewTest -->
