<?xml version="1.0" encoding="UTF-8"?>
<!-- Generated by org.testng.reporters.JUnitReportReporter -->
<testsuite hostname="CMDLHRLT143" failures="0" tests="4" name="Lab07.LabProject" time="10.450" errors="0" timestamp="2022-08-25T04:43:45 EDT" skipped="0">
  <testcase classname="Lab07.LabProject" name="login" time="0.655"/>
  <system-out/>
  <testcase classname="Lab07.LabProject" name="visitPatientPage" time="4.645"/>
  <system-out/>
  <testcase classname="Lab07.LabProject" name="addpatient" time="2.951"/>
  <system-out/>
  <testcase classname="Lab07.LabProject" name="data" time="2.199"/>
  <system-out/>
</testsuite> <!-- Lab07.LabProject -->
