<?xml version="1.0" encoding="UTF-8"?>
<!-- Generated by org.testng.reporters.JUnitReportReporter -->
<testsuite hostname="CMDLHRLT143" failures="0" tests="1" name="com.test.project.TestHelloWorld" time="0.018" errors="0" timestamp="2022-08-24T05:05:31 EDT" skipped="0">
  <testcase classname="com.test.project.TestHelloWorld" name="testhelloworld" time="0.018"/>
  <system-out/>
</testsuite> <!-- com.test.project.TestHelloWorld -->
